2023-05-15 12:02:25.387 DEBUG [JavaFX Application Thread] ui.MainFX - Mensaje de nivel de depuración
2023-05-15 12:02:25.389 INFO  [JavaFX Application Thread] ui.MainFX - Mensaje de nivel de información
2023-05-15 12:02:25.390 ERROR [JavaFX Application Thread] ui.MainFX - Mensaje de nivel de error
2023-05-15 12:02:25.428 ERROR [JavaFX Application Thread] dao.Database - cargando animales
2023-05-15 12:02:35.304 ERROR [JavaFX Application Thread] dao.Database - cargando animales
2023-05-15 12:02:35.308 ERROR [JavaFX Application Thread] dao.Database - cargando animales
2023-05-15 12:09:17.416 DEBUG [JavaFX Application Thread] ui.MainFX - Mensaje de nivel de depuración
2023-05-15 12:09:17.419 INFO  [JavaFX Application Thread] ui.MainFX - Mensaje de nivel de información
2023-05-15 12:09:17.421 ERROR [JavaFX Application Thread] ui.MainFX - Mensaje de nivel de error
2023-05-15 12:09:17.476 INFO  [JavaFX Application Thread] dao.Database - cargando animales
2023-05-15 12:10:39.620 ERROR [JavaFX Application Thread] javafx.application.Application - O con la anotación o con este atributo estático que carga el logger, la anotación simplifica esta tarea
2023-05-15 12:10:39.623 DEBUG [JavaFX Application Thread] ui.MainFX - Mensaje de nivel de depuración
2023-05-15 12:10:39.623 INFO  [JavaFX Application Thread] ui.MainFX - Mensaje de nivel de información
2023-05-15 12:10:39.623 ERROR [JavaFX Application Thread] ui.MainFX - Mensaje de nivel de error
2023-05-15 12:10:39.663 INFO  [JavaFX Application Thread] dao.Database - cargando animales
2023-05-15 12:11:47.681 INFO  [JavaFX Application Thread] javafx.application.Application - Hay dos opciones: anotación o con este atributo estático que carga el logger
2023-05-15 12:11:47.683 INFO  [JavaFX Application Thread] ui.MainFX - La anotación simplifica esta tarea
2023-05-15 12:11:47.683 DEBUG [JavaFX Application Thread] ui.MainFX - Mensaje de nivel de depuración
2023-05-15 12:11:47.684 INFO  [JavaFX Application Thread] ui.MainFX - Mensaje de nivel de información
2023-05-15 12:11:47.684 ERROR [JavaFX Application Thread] ui.MainFX - Mensaje de nivel de error
2023-05-15 12:11:47.718 INFO  [JavaFX Application Thread] dao.Database - cargando animales
2023-05-15 12:12:24.976 INFO  [JavaFX Application Thread] javafx.application.Application - Hay dos opciones: anotación o con este atributo estático que carga el logger
2023-05-15 12:12:24.979 INFO  [JavaFX Application Thread] ui.MainFX - La anotación simplifica esta tarea
2023-05-15 12:12:24.979 DEBUG [JavaFX Application Thread] ui.MainFX - Mensaje de nivel de depuración
2023-05-15 12:12:24.979 INFO  [JavaFX Application Thread] ui.MainFX - Mensaje de nivel de información
2023-05-15 12:12:24.979 ERROR [JavaFX Application Thread] ui.MainFX - Mensaje de nivel de error
2023-05-15 12:12:25.022 INFO  [JavaFX Application Thread] dao.Database - cargando animales
2023-05-15 12:32:00.911 INFO  [JavaFX Application Thread] ui.MainFX - La anotación simplifica esta tarea
2023-05-15 12:32:00.913 DEBUG [JavaFX Application Thread] ui.MainFX - Mensaje de nivel de depuración
2023-05-15 12:32:00.914 INFO  [JavaFX Application Thread] ui.MainFX - Mensaje de nivel de información
2023-05-15 12:32:00.914 ERROR [JavaFX Application Thread] ui.MainFX - Mensaje de nivel de error
2023-05-15 12:32:00.952 INFO  [JavaFX Application Thread] dao.Database - cargando animales
2024-05-05 22:17:57.658 INFO  [JavaFX Application Thread] ui.MainFX - La anotación simplifica esta tarea
2024-05-05 22:17:57.661 DEBUG [JavaFX Application Thread] ui.MainFX - Mensaje de nivel de depuración
2024-05-05 22:17:57.661 INFO  [JavaFX Application Thread] ui.MainFX - Mensaje de nivel de información
2024-05-05 22:17:57.661 ERROR [JavaFX Application Thread] ui.MainFX - Mensaje de nivel de error
2024-05-05 22:17:57.764 INFO  [JavaFX Application Thread] dao.Database - cargando animales
2024-05-05 22:18:35.250 INFO  [JavaFX Application Thread] dao.Database - cargando animales
2024-05-05 22:18:35.253 INFO  [JavaFX Application Thread] dao.Database - cargando animales
2024-05-05 22:19:03.939 INFO  [JavaFX Application Thread] dao.Database - cargando animales
2024-05-05 22:19:03.948 INFO  [JavaFX Application Thread] dao.Database - cargando animales
2024-05-05 22:19:11.937 INFO  [JavaFX Application Thread] dao.Database - cargando animales
2024-05-05 22:19:11.944 INFO  [JavaFX Application Thread] dao.Database - cargando animales
2024-05-05 22:26:14.859 INFO  [JavaFX Application Thread] ui.MainFX - La anotación simplifica esta tarea
2024-05-05 22:26:14.861 DEBUG [JavaFX Application Thread] ui.MainFX - Mensaje de nivel de depuración
2024-05-05 22:26:14.862 INFO  [JavaFX Application Thread] ui.MainFX - Mensaje de nivel de información
2024-05-05 22:26:14.862 ERROR [JavaFX Application Thread] ui.MainFX - Mensaje de nivel de error
2024-05-05 22:26:14.912 INFO  [JavaFX Application Thread] dao.Database - cargando animales
2024-05-05 22:26:22.300 INFO  [JavaFX Application Thread] dao.Database - cargando animales
2024-05-05 22:26:22.302 INFO  [JavaFX Application Thread] dao.Database - cargando animales
2024-05-05 22:34:57.994 INFO  [JavaFX Application Thread] ui.MainFX - La anotación simplifica esta tarea
2024-05-05 22:34:57.997 DEBUG [JavaFX Application Thread] ui.MainFX - Mensaje de nivel de depuración
2024-05-05 22:34:57.997 INFO  [JavaFX Application Thread] ui.MainFX - Mensaje de nivel de información
2024-05-05 22:34:57.997 ERROR [JavaFX Application Thread] ui.MainFX - Mensaje de nivel de error
2024-05-05 22:34:58.038 INFO  [JavaFX Application Thread] dao.Database - cargando animales
2024-05-06 12:47:39.365 INFO  [JavaFX Application Thread] ui.MainFX - La anotación simplifica esta tarea
2024-05-06 12:47:39.367 DEBUG [JavaFX Application Thread] ui.MainFX - Mensaje de nivel de depuración
2024-05-06 12:47:39.367 INFO  [JavaFX Application Thread] ui.MainFX - Mensaje de nivel de información
2024-05-06 12:47:39.367 ERROR [JavaFX Application Thread] ui.MainFX - Mensaje de nivel de error
2024-05-06 12:47:39.446 INFO  [JavaFX Application Thread] dao.Database - cargando animales
2024-05-06 12:52:41.321 INFO  [JavaFX Application Thread] dao.Database - cargando animales
2024-05-06 12:52:41.323 INFO  [JavaFX Application Thread] dao.Database - cargando animales
2024-05-06 12:53:28.786 INFO  [JavaFX Application Thread] dao.Database - cargando animales
2024-05-06 12:53:28.792 INFO  [JavaFX Application Thread] dao.Database - cargando animales
2024-05-06 12:53:37.752 INFO  [JavaFX Application Thread] dao.Database - cargando animales
2024-05-06 12:53:37.758 INFO  [JavaFX Application Thread] dao.Database - cargando animales
2024-05-06 12:53:56.769 INFO  [JavaFX Application Thread] dao.Database - cargando animales
2024-05-06 12:54:33.700 INFO  [JavaFX Application Thread] ui.MainFX - La anotación simplifica esta tarea
2024-05-06 12:54:33.702 DEBUG [JavaFX Application Thread] ui.MainFX - Mensaje de nivel de depuración
2024-05-06 12:54:33.702 INFO  [JavaFX Application Thread] ui.MainFX - Mensaje de nivel de información
2024-05-06 12:54:33.702 ERROR [JavaFX Application Thread] ui.MainFX - Mensaje de nivel de error
2024-05-06 12:54:33.735 INFO  [JavaFX Application Thread] dao.Database - cargando animales
2024-05-06 13:31:39.654 INFO  [JavaFX Application Thread] dao.Database - cargando animales
2024-05-06 13:31:39.656 INFO  [JavaFX Application Thread] dao.Database - cargando animales
2024-05-06 13:32:09.505 INFO  [JavaFX Application Thread] dao.Database - cargando animales
2024-05-06 13:32:09.511 INFO  [JavaFX Application Thread] dao.Database - cargando animales
2024-05-06 13:45:01.577 INFO  [JavaFX Application Thread] dao.Database - cargando animales
2024-05-06 13:45:01.583 INFO  [JavaFX Application Thread] dao.Database - cargando animales
2024-05-06 13:50:25.907 INFO  [JavaFX Application Thread] dao.Database - cargando animales
2024-05-06 13:50:25.913 INFO  [JavaFX Application Thread] dao.Database - cargando animales
2024-05-06 13:51:24.125 INFO  [JavaFX Application Thread] ui.MainFX - La anotación simplifica esta tarea
2024-05-06 13:51:24.127 DEBUG [JavaFX Application Thread] ui.MainFX - Mensaje de nivel de depuración
2024-05-06 13:51:24.127 INFO  [JavaFX Application Thread] ui.MainFX - Mensaje de nivel de información
2024-05-06 13:51:24.127 ERROR [JavaFX Application Thread] ui.MainFX - Mensaje de nivel de error
2024-05-06 13:51:24.180 INFO  [JavaFX Application Thread] dao.Database - cargando animales
