2024-05-16 16:08:15.957 INFO  [main] service.gestionClientesTest - Comenzando los test
2024-05-16 16:08:21.487 INFO  [main] service.gestionClientesTest - Finalizados todos los test
2024-05-16 22:18:43.982 INFO  [main] dao.DaoPersonalTest - Comenzando los test
2024-05-16 22:18:46.832 INFO  [main] dao.DaoPersonalTest - Finalizados todos los test
2024-05-16 22:19:14.808 INFO  [main] dao.DaoPersonalTest - Comenzando los test
2024-05-16 22:19:17.390 INFO  [main] dao.DaoPersonalTest - Finalizados todos los test
2024-05-16 22:20:04.377 INFO  [main] dao.DaoPersonalTest - Comenzando los test
2024-05-16 22:20:06.886 INFO  [main] dao.DaoPersonalTest - Finalizados todos los test
2024-05-16 22:20:57.055 INFO  [main] dao.DaoClientesTest - Comenzando los test
2024-05-16 22:24:14.960 INFO  [main] dao.DaoClientesTest - Finalizados todos los test
2024-05-16 22:26:30.614 INFO  [main] dao.DaoClientesTest - Comenzando los test
2024-05-16 22:26:33.281 INFO  [main] dao.DaoClientesTest - Finalizados todos los test
2024-05-16 22:26:53.486 INFO  [main] dao.DaoClientesTest - Comenzando los test
2024-05-16 22:29:20.053 INFO  [main] dao.DaoClientesTest - Finalizados todos los test
2024-05-16 22:29:33.286 INFO  [main] dao.DaoClientesTest - Comenzando los test
2024-05-16 22:31:28.979 INFO  [main] dao.DaoClientesTest - Comenzando los test
2024-05-16 22:32:38.049 INFO  [main] dao.DaoClientesTest - Finalizados todos los test
2024-05-16 22:32:48.792 INFO  [main] dao.DaoClientesTest - Comenzando los test
2024-05-16 22:32:51.320 INFO  [main] dao.DaoClientesTest - Finalizados todos los test
2024-05-16 22:33:00.437 INFO  [main] dao.DaoClientesTest - Comenzando los test
2024-05-16 22:33:02.990 INFO  [main] dao.DaoClientesTest - Finalizados todos los test
2024-05-16 22:33:15.156 INFO  [main] dao.DaoClientesTest - Comenzando los test
2024-05-16 22:33:28.218 INFO  [main] dao.DaoClientesTest - Finalizados todos los test
2024-05-16 22:33:36.919 INFO  [main] dao.DaoClientesTest - Comenzando los test
2024-05-16 22:33:50.602 INFO  [main] dao.DaoClientesTest - Finalizados todos los test
2024-05-16 22:34:01.571 INFO  [main] dao.DaoClientesTest - Comenzando los test
2024-05-16 22:34:12.015 INFO  [main] dao.DaoClientesTest - Finalizados todos los test
2024-05-16 22:34:22.011 INFO  [main] dao.DaoClientesTest - Comenzando los test
2024-05-16 22:34:32.256 INFO  [main] dao.DaoClientesTest - Finalizados todos los test
2024-05-16 22:34:41.196 INFO  [main] dao.DaoClientesTest - Comenzando los test
2024-05-16 22:34:48.911 INFO  [main] dao.DaoClientesTest - Finalizados todos los test
2024-05-16 22:35:00.708 INFO  [main] dao.DaoClientesTest - Comenzando los test
2024-05-16 22:35:03.330 INFO  [main] dao.DaoClientesTest - Finalizados todos los test
2024-05-16 22:42:48.929 INFO  [main] dao.DaoClientesTest - Comenzando los test
2024-05-16 22:42:51.602 INFO  [main] dao.DaoClientesTest - Finalizados todos los test
2024-05-16 22:46:51.570 INFO  [main] dao.DaoClientesTest - Comenzando los test
2024-05-16 22:46:54.104 INFO  [main] dao.DaoClientesTest - Finalizados todos los test
2024-05-16 22:47:21.811 INFO  [main] dao.DaoClientesTest - Comenzando los test
2024-05-16 22:47:24.297 INFO  [main] dao.DaoClientesTest - Finalizados todos los test
2024-05-16 22:49:51.759 INFO  [main] dao.DaoClientesTest - Comenzando los test
2024-05-16 22:49:54.266 INFO  [main] dao.DaoClientesTest - Finalizados todos los test
2024-05-16 22:50:41.693 INFO  [main] dao.DaoClientesTest - Comenzando los test
2024-05-16 22:50:45.028 INFO  [main] dao.DaoClientesTest - Finalizados todos los test
2024-05-16 22:51:21.314 INFO  [main] service.gestionClientesTest - Comenzando los test
2024-05-16 22:51:27.205 INFO  [main] service.gestionClientesTest - Finalizados todos los test
2024-05-16 22:52:03.236 INFO  [main] dao.DaoPersonalTest - Comenzando los test
2024-05-16 22:52:06.259 INFO  [main] dao.DaoPersonalTest - Finalizados todos los test
2024-05-17 10:36:44.191 INFO  [main] dao.DaoClientesTest - Comenzando los test
2024-05-17 10:36:50.185 INFO  [main] dao.DaoClientesTest - Finalizados todos los test
2024-05-17 11:06:52.390 INFO  [main] dao.DaoClientesTest - Comenzando los test
2024-05-17 11:06:55.400 INFO  [main] dao.DaoClientesTest - Finalizados todos los test
2024-05-17 11:07:05.232 INFO  [main] dao.DaoClientesTest - Comenzando los test
2024-05-17 11:07:09.221 INFO  [main] dao.DaoClientesTest - Finalizados todos los test
2024-05-17 11:07:18.396 INFO  [main] dao.DaoClientesTest - Comenzando los test
2024-05-17 11:07:22.508 INFO  [main] dao.DaoClientesTest - Finalizados todos los test
2024-05-17 11:07:30.579 INFO  [main] dao.DaoClientesTest - Comenzando los test
2024-05-17 11:07:34.039 INFO  [main] dao.DaoClientesTest - Finalizados todos los test
2024-05-17 11:07:52.895 INFO  [main] dao.DaoClientesTest - Comenzando los test
2024-05-17 11:07:57.773 INFO  [main] dao.DaoClientesTest - Finalizados todos los test
2024-05-17 11:09:29.975 INFO  [main] dao.DaoClientesTest - Comenzando los test
2024-05-17 11:09:33.391 INFO  [main] dao.DaoClientesTest - Finalizados todos los test
2024-05-17 11:09:50.250 INFO  [main] dao.DaoClientesTest - Comenzando los test
2024-05-17 11:09:54.252 INFO  [main] dao.DaoClientesTest - Finalizados todos los test
